# JRE version: Java(TM) SE Runtime Environment (8.0_65-b17) (build 1.8.0_65-b17)
# Java VM: Java HotSpot(TM) 64-Bit Server VM (25.65-b01 mixed mode windows-amd64 compressed oops)
Heap:
 PSYoungGen      total 70656K, used 38232K [0x00000000eab00000, 0x00000000f0f80000, 0x0000000100000000)
  eden space 59904K, 45% used [0x00000000eab00000,0x00000000ec5d7bd0,0x00000000ee580000)
  from space 10752K, 99% used [0x00000000ee580000,0x00000000eeffe818,0x00000000ef000000)
  to   space 13312K, 0% used [0x00000000f0280000,0x00000000f0280000,0x00000000f0f80000)
 ParOldGen       total 45568K, used 10881K [0x00000000c0000000, 0x00000000c2c80000, 0x00000000eab00000)
  object space 45568K, 23% used [0x00000000c0000000,0x00000000c0aa0578,0x00000000c2c80000)
 Metaspace       used 34567K, capacity 35292K, committed 35456K, reserved 1079296K
  class space    used 4660K, capacity 4901K, committed 4992K, reserved 1048576K
GC Heap History (10 events):
Event: 18.093 GC heap before
{Heap before GC invocations=12 (full 1):
 PSYoungGen      total 46592K, used 39616K [0x00000000eab00000, 0x00000000ee180000, 0x0000000100000000)
  eden space 37888K, 100% used [0x00000000eab00000,0x00000000ed000000,0x00000000ed000000)
  from space 8704K, 19% used [0x00000000ed880000,0x00000000eda30030,0x00000000ee100000)
  to   space 8704K, 0% used [0x00000000ed000000,0x00000000ed000000,0x00000000ed880000)
 ParOldGen       total 45568K, used 8922K [0x00000000c0000000, 0x00000000c2c80000, 0x00000000eab00000)
  object space 45568K, 19% used [0x00000000c0000000,0x00000000c08b68c0,0x00000000c2c80000)
 Metaspace       used 21198K, capacity 21564K, committed 21632K, reserved 1069056K
  class space    used 2758K, capacity 2918K, committed 2944K, reserved 1048576K
Event: 18.098 GC heap after
Heap after GC invocations=12 (full 1):
 PSYoungGen      total 46592K, used 2064K [0x00000000eab00000, 0x00000000eea80000, 0x0000000100000000)
  eden space 37888K, 0% used [0x00000000eab00000,0x00000000eab00000,0x00000000ed000000)
  from space 8704K, 23% used [0x00000000ed000000,0x00000000ed204040,0x00000000ed880000)
  to   space 8192K, 0% used [0x00000000ee280000,0x00000000ee280000,0x00000000eea80000)
 ParOldGen       total 45568K, used 8930K [0x00000000c0000000, 0x00000000c2c80000, 0x00000000eab00000)
  object space 45568K, 19% used [0x00000000c0000000,0x00000000c08b88c0,0x00000000c2c80000)
 Metaspace       used 21198K, capacity 21564K, committed 21632K, reserved 1069056K
  class space    used 2758K, capacity 2918K, committed 2944K, reserved 1048576K
}
Event: 18.389 GC heap before
{Heap before GC invocations=13 (full 1):
 PSYoungGen      total 46592K, used 39952K [0x00000000eab00000, 0x00000000eea80000, 0x0000000100000000)
  eden space 37888K, 100% used [0x00000000eab00000,0x00000000ed000000,0x00000000ed000000)
  from space 8704K, 23% used [0x00000000ed000000,0x00000000ed204040,0x00000000ed880000)
  to   space 8192K, 0% used [0x00000000ee280000,0x00000000ee280000,0x00000000eea80000)
 ParOldGen       total 45568K, used 8930K [0x00000000c0000000, 0x00000000c2c80000, 0x00000000eab00000)
  object space 45568K, 19% used [0x00000000c0000000,0x00000000c08b88c0,0x00000000c2c80000)
 Metaspace       used 21205K, capacity 21628K, committed 21888K, reserved 1069056K
  class space    used 2759K, capacity 2918K, committed 2944K, reserved 1048576K
Event: 18.395 GC heap after
Heap after GC invocations=13 (full 1):
 PSYoungGen      total 56832K, used 2672K [0x00000000eab00000, 0x00000000eeb00000, 0x0000000100000000)
  eden space 48640K, 0% used [0x00000000eab00000,0x00000000eab00000,0x00000000eda80000)
  from space 8192K, 32% used [0x00000000ee280000,0x00000000ee51c040,0x00000000eea80000)
  to   space 8192K, 0% used [0x00000000eda80000,0x00000000eda80000,0x00000000ee280000)
 ParOldGen       total 45568K, used 8930K [0x00000000c0000000, 0x00000000c2c80000, 0x00000000eab00000)
  object space 45568K, 19% used [0x00000000c0000000,0x00000000c08b88c0,0x00000000c2c80000)
 Metaspace       used 21205K, capacity 21628K, committed 21888K, reserved 1069056K
  class space    used 2759K, capacity 2918K, committed 2944K, reserved 1048576K
}
Event: 22.706 GC heap before
{Heap before GC invocations=14 (full 1):
 PSYoungGen      total 56832K, used 51312K [0x00000000eab00000, 0x00000000eeb00000, 0x0000000100000000)
  eden space 48640K, 100% used [0x00000000eab00000,0x00000000eda80000,0x00000000eda80000)
  from space 8192K, 32% used [0x00000000ee280000,0x00000000ee51c040,0x00000000eea80000)
  to   space 8192K, 0% used [0x00000000eda80000,0x00000000eda80000,0x00000000ee280000)
 ParOldGen       total 45568K, used 8930K [0x00000000c0000000, 0x00000000c2c80000, 0x00000000eab00000)
  object space 45568K, 19% used [0x00000000c0000000,0x00000000c08b88c0,0x00000000c2c80000)
 Metaspace       used 25207K, capacity 25736K, committed 25856K, reserved 1071104K
  class space    used 3320K, capacity 3465K, committed 3584K, reserved 1048576K
Event: 22.734 GC heap after
Heap after GC invocations=14 (full 1):
 PSYoungGen      total 56832K, used 7997K [0x00000000eab00000, 0x00000000ef900000, 0x0000000100000000)
  eden space 48640K, 0% used [0x00000000eab00000,0x00000000eab00000,0x00000000eda80000)
  from space 8192K, 97% used [0x00000000eda80000,0x00000000ee24f480,0x00000000ee280000)
  to   space 9216K, 0% used [0x00000000ef000000,0x00000000ef000000,0x00000000ef900000)
 ParOldGen       total 45568K, used 8938K [0x00000000c0000000, 0x00000000c2c80000, 0x00000000eab00000)
  object space 45568K, 19% used [0x00000000c0000000,0x00000000c08ba8c0,0x00000000c2c80000)
 Metaspace       used 25207K, capacity 25736K, committed 25856K, reserved 1071104K
  class space    used 3320K, capacity 3465K, committed 3584K, reserved 1048576K
}
Event: 27.097 GC heap before
{Heap before GC invocations=15 (full 1):
 PSYoungGen      total 56832K, used 56637K [0x00000000eab00000, 0x00000000ef900000, 0x0000000100000000)
  eden space 48640K, 100% used [0x00000000eab00000,0x00000000eda80000,0x00000000eda80000)
  from space 8192K, 97% used [0x00000000eda80000,0x00000000ee24f480,0x00000000ee280000)
  to   space 9216K, 0% used [0x00000000ef000000,0x00000000ef000000,0x00000000ef900000)
 ParOldGen       total 45568K, used 8938K [0x00000000c0000000, 0x00000000c2c80000, 0x00000000eab00000)
  object space 45568K, 19% used [0x00000000c0000000,0x00000000c08ba8c0,0x00000000c2c80000)
 Metaspace       used 29902K, capacity 30498K, committed 30592K, reserved 1075200K
  class space    used 3998K, capacity 4154K, committed 4224K, reserved 1048576K
Event: 27.152 GC heap after
Heap after GC invocations=15 (full 1):
 PSYoungGen      total 69120K, used 9184K [0x00000000eab00000, 0x00000000efc00000, 0x0000000100000000)
  eden space 59904K, 0% used [0x00000000eab00000,0x00000000eab00000,0x00000000ee580000)
  from space 9216K, 99% used [0x00000000ef000000,0x00000000ef8f8320,0x00000000ef900000)
  to   space 10752K, 0% used [0x00000000ee580000,0x00000000ee580000,0x00000000ef000000)
 ParOldGen       total 45568K, used 9315K [0x00000000c0000000, 0x00000000c2c80000, 0x00000000eab00000)
  object space 45568K, 20% used [0x00000000c0000000,0x00000000c0918e80,0x00000000c2c80000)
 Metaspace       used 29902K, capacity 30498K, committed 30592K, reserved 1075200K
  class space    used 3998K, capacity 4154K, committed 4224K, reserved 1048576K
}
Event: 35.043 GC heap before
{Heap before GC invocations=16 (full 1):
 PSYoungGen      total 69120K, used 69088K [0x00000000eab00000, 0x00000000efc00000, 0x0000000100000000)
  eden space 59904K, 100% used [0x00000000eab00000,0x00000000ee580000,0x00000000ee580000)
  from space 9216K, 99% used [0x00000000ef000000,0x00000000ef8f8320,0x00000000ef900000)
  to   space 10752K, 0% used [0x00000000ee580000,0x00000000ee580000,0x00000000ef000000)
 ParOldGen       total 45568K, used 9315K [0x00000000c0000000, 0x00000000c2c80000, 0x00000000eab00000)
  object space 45568K, 20% used [0x00000000c0000000,0x00000000c0918e80,0x00000000c2c80000)
 Metaspace       used 33264K, capacity 33880K, committed 34048K, reserved 1079296K
  class space    used 4447K, capacity 4601K, committed 4608K, reserved 1048576K
Event: 35.168 GC heap after
Heap after GC invocations=16 (full 1):
 PSYoungGen      total 70656K, used 10746K [0x00000000eab00000, 0x00000000f0f80000, 0x0000000100000000)
  eden space 59904K, 0% used [0x00000000eab00000,0x00000000eab00000,0x00000000ee580000)
  from space 10752K, 99% used [0x00000000ee580000,0x00000000eeffe818,0x00000000ef000000)
  to   space 13312K, 0% used [0x00000000f0280000,0x00000000f0280000,0x00000000f0f80000)
 ParOldGen       total 45568K, used 10881K [0x00000000c0000000, 0x00000000c2c80000, 0x00000000eab00000)
  object space 45568K, 23% used [0x00000000c0000000,0x00000000c0aa0578,0x00000000c2c80000)
 Metaspace       used 33264K, capacity 33880K, committed 34048K, reserved 1079296K
  class space    used 4447K, capacity 4601K, committed 4608K, reserved 1048576K
}

